# JRE version: OpenJDK Runtime Environment Temurin-21.0.8+9 (21.0.8+9) (build 21.0.8+9-LTS)
# Java VM: OpenJDK 64-Bit Server VM Temurin-21.0.8+9 (21.0.8+9-LTS, mixed mode, tiered, compressed oops, compressed class ptrs, g1 gc, windows-amd64)
GC Precious Log:
 CardTable entry size: 512
 Card Set container configuration: InlinePtr #cards 5 size 8 Array Of Cards #cards 12 size 40 Howl #buckets 4 coarsen threshold 1843 Howl Bitmap #cards 512 size 80 coarsen threshold 460 Card regions per heap region 1 cards per card region 2048
 CPUs: 16 total, 16 available
 Memory: 16085M
 Large Page Support: Disabled
 NUMA Support: Disabled
 Compressed Oops: Enabled (32-bit)
 Heap Region Size: 1M
 Heap Min Capacity: 8M
 Heap Initial Capacity: 252M
 Heap Max Capacity: 1388M
 Pre-touch: Disabled
 Parallel Workers: 13
 Concurrent Workers: 3
 Concurrent Refinement Workers: 13
 Periodic GC: Disabled
Heap:
 garbage-first heap   total 340992K, used 208384K [0x00000000a9400000, 0x0000000100000000)
  region size 1024K, 15 young (15360K), 15 survivors (15360K)
 Metaspace       used 35468K, committed 35968K, reserved 1114112K
  class space    used 3924K, committed 4160K, reserved 1048576K
GC Heap History (20 events):
Event: 4.438 GC heap after
{Heap after GC invocations=18 (full 0):
 garbage-first heap   total 171008K, used 15939K [0x00000000a9400000, 0x0000000100000000)
  region size 1024K, 8 young (8192K), 8 survivors (8192K)
 Metaspace       used 31369K, committed 31744K, reserved 1114112K
  class space    used 3388K, committed 3584K, reserved 1048576K
}
Event: 4.577 GC heap before
{Heap before GC invocations=18 (full 0):
 garbage-first heap   total 171008K, used 110147K [0x00000000a9400000, 0x0000000100000000)
  region size 1024K, 100 young (102400K), 8 survivors (8192K)
 Metaspace       used 31369K, committed 31744K, reserved 1114112K
  class space    used 3388K, committed 3584K, reserved 1048576K
}
Event: 4.585 GC heap after
{Heap after GC invocations=19 (full 0):
 garbage-first heap   total 171008K, used 22282K [0x00000000a9400000, 0x0000000100000000)
  region size 1024K, 13 young (13312K), 13 survivors (13312K)
 Metaspace       used 31369K, committed 31744K, reserved 1114112K
  class space    used 3388K, committed 3584K, reserved 1048576K
}
Event: 4.681 GC heap before
{Heap before GC invocations=19 (full 0):
 garbage-first heap   total 171008K, used 116490K [0x00000000a9400000, 0x0000000100000000)
  region size 1024K, 100 young (102400K), 13 survivors (13312K)
 Metaspace       used 31370K, committed 31744K, reserved 1114112K
  class space    used 3388K, committed 3584K, reserved 1048576K
}
Event: 4.691 GC heap after
{Heap after GC invocations=20 (full 0):
 garbage-first heap   total 171008K, used 29769K [0x00000000a9400000, 0x0000000100000000)
  region size 1024K, 13 young (13312K), 13 survivors (13312K)
 Metaspace       used 31370K, committed 31744K, reserved 1114112K
  class space    used 3388K, committed 3584K, reserved 1048576K
}
Event: 4.773 GC heap before
{Heap before GC invocations=20 (full 0):
 garbage-first heap   total 171008K, used 123977K [0x00000000a9400000, 0x0000000100000000)
  region size 1024K, 100 young (102400K), 13 survivors (13312K)
 Metaspace       used 31370K, committed 31744K, reserved 1114112K
  class space    used 3388K, committed 3584K, reserved 1048576K
}
Event: 4.784 GC heap after
{Heap after GC invocations=21 (full 0):
 garbage-first heap   total 171008K, used 36803K [0x00000000a9400000, 0x0000000100000000)
  region size 1024K, 13 young (13312K), 13 survivors (13312K)
 Metaspace       used 31370K, committed 31744K, reserved 1114112K
  class space    used 3388K, committed 3584K, reserved 1048576K
}
Event: 4.872 GC heap before
{Heap before GC invocations=21 (full 0):
 garbage-first heap   total 171008K, used 125891K [0x00000000a9400000, 0x0000000100000000)
  region size 1024K, 100 young (102400K), 13 survivors (13312K)
 Metaspace       used 31370K, committed 31744K, reserved 1114112K
  class space    used 3388K, committed 3584K, reserved 1048576K
}
Event: 4.883 GC heap after
{Heap after GC invocations=22 (full 0):
 garbage-first heap   total 171008K, used 41984K [0x00000000a9400000, 0x0000000100000000)
  region size 1024K, 13 young (13312K), 13 survivors (13312K)
 Metaspace       used 31370K, committed 31744K, reserved 1114112K
  class space    used 3388K, committed 3584K, reserved 1048576K
}
Event: 4.960 GC heap before
{Heap before GC invocations=22 (full 0):
 garbage-first heap   total 171008K, used 138240K [0x00000000a9400000, 0x0000000100000000)
  region size 1024K, 100 young (102400K), 13 survivors (13312K)
 Metaspace       used 31370K, committed 31744K, reserved 1114112K
  class space    used 3388K, committed 3584K, reserved 1048576K
}
Event: 4.997 GC heap after
{Heap after GC invocations=23 (full 0):
 garbage-first heap   total 340992K, used 50430K [0x00000000a9400000, 0x0000000100000000)
  region size 1024K, 13 young (13312K), 13 survivors (13312K)
 Metaspace       used 31370K, committed 31744K, reserved 1114112K
  class space    used 3388K, committed 3584K, reserved 1048576K
}
Event: 5.640 GC heap before
{Heap before GC invocations=23 (full 0):
 garbage-first heap   total 340992K, used 239870K [0x00000000a9400000, 0x0000000100000000)
  region size 1024K, 199 young (203776K), 13 survivors (13312K)
 Metaspace       used 34819K, committed 35200K, reserved 1114112K
  class space    used 3893K, committed 4096K, reserved 1048576K
}
Event: 5.653 GC heap after
{Heap after GC invocations=24 (full 0):
 garbage-first heap   total 340992K, used 63072K [0x00000000a9400000, 0x0000000100000000)
  region size 1024K, 25 young (25600K), 25 survivors (25600K)
 Metaspace       used 34819K, committed 35200K, reserved 1114112K
  class space    used 3893K, committed 4096K, reserved 1048576K
}
Event: 6.543 GC heap before
{Heap before GC invocations=24 (full 0):
 garbage-first heap   total 340992K, used 241248K [0x00000000a9400000, 0x0000000100000000)
  region size 1024K, 199 young (203776K), 25 survivors (25600K)
 Metaspace       used 35304K, committed 35712K, reserved 1114112K
  class space    used 3922K, committed 4096K, reserved 1048576K
}
Event: 6.589 GC heap after
{Heap after GC invocations=25 (full 0):
 garbage-first heap   total 340992K, used 120320K [0x00000000a9400000, 0x0000000100000000)
  region size 1024K, 25 young (25600K), 25 survivors (25600K)
 Metaspace       used 35304K, committed 35712K, reserved 1114112K
  class space    used 3922K, committed 4096K, reserved 1048576K
}
Event: 6.879 GC heap before
{Heap before GC invocations=25 (full 0):
 garbage-first heap   total 340992K, used 267776K [0x00000000a9400000, 0x0000000100000000)
  region size 1024K, 169 young (173056K), 25 survivors (25600K)
 Metaspace       used 35358K, committed 35712K, reserved 1114112K
  class space    used 3923K, committed 4096K, reserved 1048576K
}
Event: 6.912 GC heap after
{Heap after GC invocations=26 (full 0):
 garbage-first heap   total 340992K, used 152064K [0x00000000a9400000, 0x0000000100000000)
  region size 1024K, 22 young (22528K), 22 survivors (22528K)
 Metaspace       used 35358K, committed 35712K, reserved 1114112K
  class space    used 3923K, committed 4096K, reserved 1048576K
}
Event: 7.346 GC heap before
{Heap before GC invocations=26 (full 0):
 garbage-first heap   total 340992K, used 276992K [0x00000000a9400000, 0x0000000100000000)
  region size 1024K, 144 young (147456K), 22 survivors (22528K)
 Metaspace       used 35422K, committed 35840K, reserved 1114112K
  class space    used 3923K, committed 4096K, reserved 1048576K
}
Event: 7.378 GC heap after
{Heap after GC invocations=27 (full 0):
 garbage-first heap   total 340992K, used 181760K [0x00000000a9400000, 0x0000000100000000)
  region size 1024K, 18 young (18432K), 18 survivors (18432K)
 Metaspace       used 35422K, committed 35840K, reserved 1114112K
  class space    used 3923K, committed 4096K, reserved 1048576K
}
Event: 7.651 GC heap before
{Heap before GC invocations=27 (full 0):
 garbage-first heap   total 340992K, used 281088K [0x00000000a9400000, 0x0000000100000000)
  region size 1024K, 115 young (117760K), 18 survivors (18432K)
 Metaspace       used 35468K, committed 35968K, reserved 1114112K
  class space    used 3924K, committed 4160K, reserved 1048576K
}

